<?xml version="1.0" encoding="UTF-8"?>
<!-- Generated by org.testng.reporters.JUnitXMLReporter -->
<testsuite ignored="0" hostname="fedora" failures="0" tests="3" name="Default test" time="0.389" errors="0" timestamp="2022-12-02T17:30:29 CST">
  <testcase classname="datadriven.exceldataprovider.dataProvide" name="testcaseData" time="0.003"/>
  <testcase classname="datadriven.exceldataprovider.dataProvide" name="testcaseData" time="0.001"/>
  <testcase classname="datadriven.exceldataprovider.dataProvide" name="testcaseData" time="0.001"/>
</testsuite> <!-- Default test -->
