<?xml version="1.0" encoding="UTF-8"?>
<testng-results ignored="0" total="3" passed="3" failed="0" skipped="0">
  <reporter-output>
  </reporter-output>
  <suite started-at="2022-12-02T17:30:29 CST" name="Default suite" finished-at="2022-12-02T17:30:29 CST" duration-ms="389">
    <groups>
    </groups>
    <test started-at="2022-12-02T17:30:29 CST" name="Default test" finished-at="2022-12-02T17:30:29 CST" duration-ms="389">
      <class name="datadriven.exceldataprovider.dataProvide">
        <test-method signature="testcaseData(java.lang.String,java.lang.String,java.lang.String)[pri:0, instance:datadriven.exceldataprovider.dataProvide@1d296da]" started-at="2022-12-02T17:30:29 CST" name="testcaseData" data-provider="drive test" finished-at="2022-12-02T17:30:29 CST" duration-ms="3" status="PASS">
          <params>
            <param index="0">
              <value>
                <![CDATA[hello]]>
              </value>
            </param>
            <param index="1">
              <value>
                <![CDATA[sam]]>
              </value>
            </param>
            <param index="2">
              <value>
                <![CDATA[2]]>
              </value>
            </param>
          </params>
          <reporter-output>
          </reporter-output>
        </test-method> <!-- testcaseData -->
        <test-method signature="testcaseData(java.lang.String,java.lang.String,java.lang.String)[pri:0, instance:datadriven.exceldataprovider.dataProvide@1d296da]" started-at="2022-12-02T17:30:29 CST" name="testcaseData" data-provider="drive test" finished-at="2022-12-02T17:30:29 CST" duration-ms="1" status="PASS">
          <params>
            <param index="0">
              <value>
                <![CDATA[bye]]>
              </value>
            </param>
            <param index="1">
              <value>
                <![CDATA[Luca]]>
              </value>
            </param>
            <param index="2">
              <value>
                <![CDATA[23]]>
              </value>
            </param>
          </params>
          <reporter-output>
          </reporter-output>
        </test-method> <!-- testcaseData -->
        <test-method signature="testcaseData(java.lang.String,java.lang.String,java.lang.String)[pri:0, instance:datadriven.exceldataprovider.dataProvide@1d296da]" started-at="2022-12-02T17:30:29 CST" name="testcaseData" data-provider="drive test" finished-at="2022-12-02T17:30:29 CST" duration-ms="1" status="PASS">
          <params>
            <param index="0">
              <value>
                <![CDATA[goodday]]>
              </value>
            </param>
            <param index="1">
              <value>
                <![CDATA[Jayden]]>
              </value>
            </param>
            <param index="2">
              <value>
                <![CDATA[76]]>
              </value>
            </param>
          </params>
          <reporter-output>
          </reporter-output>
        </test-method> <!-- testcaseData -->
      </class> <!-- datadriven.exceldataprovider.dataProvide -->
    </test> <!-- Default test -->
  </suite> <!-- Default suite -->
</testng-results>
